2023-12-30T09:48:24+00:00 CRITICAL Uncaught ArgumentCountError: 3 arguments are required, 2 given in /home1/cszdemmy/public_html/tpp/wp-admin/includes/class-bulk-upgrader-skin.php:162
Stack trace:
#0 /home1/cszdemmy/public_html/tpp/wp-admin/includes/class-bulk-upgrader-skin.php(162): sprintf('%1$s installed ...', 'WooCommerce')
#1 /home1/cszdemmy/public_html/tpp/wp-content/themes/porto/inc/plugins/tgm-plugin-activation/class-tgm-plugin-activation.php(3712): Bulk_Upgrader_Skin->after('WooCommerce')
#2 /home1/cszdemmy/public_html/tpp/wp-admin/includes/class-wp-upgrader.php(921): TGMPA_Bulk_Installer_Skin->after()
#3 /home1/cszdemmy/public_html/tpp/wp-content/themes/porto/inc/plugins/tgm-plugin-activation/class-tgm-plugin-activation.php(3328): WP_Upgrader->run(Array)
#4 /home1/cszdemmy/public_html/tpp/wp-content/themes/porto/inc/plugins/tgm-plugin-activation/class-tgm-plugin-activation.php(3433): TGMPA_Bulk_Installer->run(Array)
#5 /home1/cszdemmy/public_html/tpp/wp-content/themes/porto/inc/plugins/tgm-plugin-activation/class-tgm-plugin-activation.php(3047): TGMPA_Bulk_Installer->bulk_install(Array)
#6 /home1/cszdemmy/public_html/tpp/wp-content/themes/porto/inc/plugins/tgm-plugin-activation/class-tgm-plugin-activation.php(773): TGMPA_List_Table->process_bulk_actions()
#7 /home1/cszdemmy/public_html/tpp/wp-includes/class-wp-hook.php(324): TGM_Plugin_Activation->install_plugins_page('')
#8 /home1/cszdemmy/public_html/tpp/wp-includes/class-wp-hook.php(348): WP_Hook->apply_filters('', Array)
#9 /home1/cszdemmy/public_html/tpp/wp-includes/plugin.php(517): WP_Hook->do_action(Array)
#10 /home1/cszdemmy/public_html/tpp/wp-admin/admin.php(259): do_action('appearance_page...')
#11 /home1/cszdemmy/public_html/tpp/wp-admin/themes.php(10): require_once('/home1/cszdemmy...')
#12 {main}
  thrown in /home1/cszdemmy/public_html/tpp/wp-admin/includes/class-bulk-upgrader-skin.php on line 162

2023-12-30T09:48:35+00:00 CRITICAL Uncaught ArgumentCountError: 3 arguments are required, 2 given in /home1/cszdemmy/public_html/tpp/wp-admin/includes/class-bulk-upgrader-skin.php:162
Stack trace:
#0 /home1/cszdemmy/public_html/tpp/wp-admin/includes/class-bulk-upgrader-skin.php(162): sprintf('%1$s installed ...', 'Contact Form 7')
#1 /home1/cszdemmy/public_html/tpp/wp-content/themes/porto/inc/plugins/tgm-plugin-activation/class-tgm-plugin-activation.php(3712): Bulk_Upgrader_Skin->after('Contact Form 7')
#2 /home1/cszdemmy/public_html/tpp/wp-admin/includes/class-wp-upgrader.php(921): TGMPA_Bulk_Installer_Skin->after()
#3 /home1/cszdemmy/public_html/tpp/wp-content/themes/porto/inc/plugins/tgm-plugin-activation/class-tgm-plugin-activation.php(3328): WP_Upgrader->run(Array)
#4 /home1/cszdemmy/public_html/tpp/wp-content/themes/porto/inc/plugins/tgm-plugin-activation/class-tgm-plugin-activation.php(3433): TGMPA_Bulk_Installer->run(Array)
#5 /home1/cszdemmy/public_html/tpp/wp-content/themes/porto/inc/plugins/tgm-plugin-activation/class-tgm-plugin-activation.php(3047): TGMPA_Bulk_Installer->bulk_install(Array)
#6 /home1/cszdemmy/public_html/tpp/wp-content/themes/porto/inc/plugins/tgm-plugin-activation/class-tgm-plugin-activation.php(773): TGMPA_List_Table->process_bulk_actions()
#7 /home1/cszdemmy/public_html/tpp/wp-includes/class-wp-hook.php(324): TGM_Plugin_Activation->install_plugins_page('')
#8 /home1/cszdemmy/public_html/tpp/wp-includes/class-wp-hook.php(348): WP_Hook->apply_filters('', Array)
#9 /home1/cszdemmy/public_html/tpp/wp-includes/plugin.php(517): WP_Hook->do_action(Array)
#10 /home1/cszdemmy/public_html/tpp/wp-admin/admin.php(259): do_action('appearance_page...')
#11 /home1/cszdemmy/public_html/tpp/wp-admin/themes.php(10): require_once('/home1/cszdemmy...')
#12 {main}
  thrown in /home1/cszdemmy/public_html/tpp/wp-admin/includes/class-bulk-upgrader-skin.php on line 162

2023-12-30T09:48:43+00:00 CRITICAL Uncaught ArgumentCountError: 3 arguments are required, 2 given in /home1/cszdemmy/public_html/tpp/wp-admin/includes/class-bulk-upgrader-skin.php:162
Stack trace:
#0 /home1/cszdemmy/public_html/tpp/wp-admin/includes/class-bulk-upgrader-skin.php(162): sprintf('%1$s installed ...', 'Dynamic Feature...')
#1 /home1/cszdemmy/public_html/tpp/wp-content/themes/porto/inc/plugins/tgm-plugin-activation/class-tgm-plugin-activation.php(3712): Bulk_Upgrader_Skin->after('Dynamic Feature...')
#2 /home1/cszdemmy/public_html/tpp/wp-admin/includes/class-wp-upgrader.php(921): TGMPA_Bulk_Installer_Skin->after()
#3 /home1/cszdemmy/public_html/tpp/wp-content/themes/porto/inc/plugins/tgm-plugin-activation/class-tgm-plugin-activation.php(3328): WP_Upgrader->run(Array)
#4 /home1/cszdemmy/public_html/tpp/wp-content/themes/porto/inc/plugins/tgm-plugin-activation/class-tgm-plugin-activation.php(3433): TGMPA_Bulk_Installer->run(Array)
#5 /home1/cszdemmy/public_html/tpp/wp-content/themes/porto/inc/plugins/tgm-plugin-activation/class-tgm-plugin-activation.php(3047): TGMPA_Bulk_Installer->bulk_install(Array)
#6 /home1/cszdemmy/public_html/tpp/wp-content/themes/porto/inc/plugins/tgm-plugin-activation/class-tgm-plugin-activation.php(773): TGMPA_List_Table->process_bulk_actions()
#7 /home1/cszdemmy/public_html/tpp/wp-includes/class-wp-hook.php(324): TGM_Plugin_Activation->install_plugins_page('')
#8 /home1/cszdemmy/public_html/tpp/wp-includes/class-wp-hook.php(348): WP_Hook->apply_filters('', Array)
#9 /home1/cszdemmy/public_html/tpp/wp-includes/plugin.php(517): WP_Hook->do_action(Array)
#10 /home1/cszdemmy/public_html/tpp/wp-admin/admin.php(259): do_action('appearance_page...')
#11 /home1/cszdemmy/public_html/tpp/wp-admin/themes.php(10): require_once('/home1/cszdemmy...')
#12 {main}
  thrown in /home1/cszdemmy/public_html/tpp/wp-admin/includes/class-bulk-upgrader-skin.php on line 162

